Starting KodesalonApplication using Java 11.0.10 on heesangui-MacBookPro.local with PID 18460 (/Users/heesang/dev/dev_spring/project/out/production/classes started by heesang in /Users/heesang/dev/dev_spring/project)
No active profile set, falling back to default profiles: default
Devtools property defaults active! Set 'spring.devtools.add-properties' to 'false' to disable
For additional web related logging consider setting the 'logging.level.web' property to 'DEBUG'
Bootstrapping Spring Data JPA repositories in DEFAULT mode.
Finished Spring Data repository scanning in 6 ms. Found 0 JPA repository interfaces.
Tomcat initialized with port(s): 8080 (http)
Initializing ProtocolHandler ["http-nio-8080"]
Starting service [Tomcat]
Starting Servlet engine: [Apache Tomcat/9.0.45]
Initializing Spring embedded WebApplicationContext
Root WebApplicationContext: initialization completed in 1434 ms
HikariPool-1 - Starting...
HikariPool-1 - Start completed.
H2 console available at '/h2-console'. Database available at 'jdbc:h2:mem:1610dfbd-f9d2-4b69-9432-9f7d3f530f83'
HHH000204: Processing PersistenceUnitInfo [name: default]
HHH000412: Hibernate ORM core version 5.4.30.Final
HCANN000001: Hibernate Commons Annotations {5.1.2.Final}
HHH000400: Using dialect: org.hibernate.dialect.H2Dialect
HHH000490: Using JtaPlatform implementation: [org.hibernate.engine.transaction.jta.platform.internal.NoJtaPlatform]
Initialized JPA EntityManagerFactory for persistence unit 'default'
LiveReload server is running on port 35729
spring.jpa.open-in-view is enabled by default. Therefore, database queries may be performed during view rendering. Explicitly configure spring.jpa.open-in-view to disable this warning
Initializing ExecutorService 'applicationTaskExecutor'
Cannot find template location: classpath:/templates/ (please add some templates or check your Thymeleaf configuration)
Starting ProtocolHandler ["http-nio-8080"]
Tomcat started on port(s): 8080 (http) with context path ''
Started KodesalonApplication in 3.716 seconds (JVM running for 4.797)
Shutting down ExecutorService 'applicationTaskExecutor'
Closing JPA EntityManagerFactory for persistence unit 'default'
HHH000477: Starting delayed evictData of schema as part of SessionFactory shut-down'
Invocation of destroy method failed on bean with name 'inMemoryDatabaseShutdownExecutor': org.h2.jdbc.JdbcSQLNonTransientConnectionException: Database is already closed (to disable automatic closing at VM shutdown, add ";DB_CLOSE_ON_EXIT=FALSE" to the db URL) [90121-200]
HikariPool-1 - Shutdown initiated...
HikariPool-1 - Shutdown completed.
Starting KodesalonApplication using Java 11.0.10 on heesangui-MacBookPro.local with PID 21077 (/Users/heesang/dev/dev_spring/project/out/production/classes started by heesang in /Users/heesang/dev/dev_spring/project)
No active profile set, falling back to default profiles: default
Devtools property defaults active! Set 'spring.devtools.add-properties' to 'false' to disable
For additional web related logging consider setting the 'logging.level.web' property to 'DEBUG'
Bootstrapping Spring Data JPA repositories in DEFAULT mode.
Finished Spring Data repository scanning in 7 ms. Found 0 JPA repository interfaces.
Tomcat initialized with port(s): 8080 (http)
Initializing ProtocolHandler ["http-nio-8080"]
Starting service [Tomcat]
Starting Servlet engine: [Apache Tomcat/9.0.45]
Initializing Spring embedded WebApplicationContext
Root WebApplicationContext: initialization completed in 1478 ms
HikariPool-1 - Starting...
HikariPool-1 - Start completed.
H2 console available at '/h2-console'. Database available at 'jdbc:h2:mem:8bdf14fa-10a0-4a59-9d88-2c7a190e9a75'
HHH000204: Processing PersistenceUnitInfo [name: default]
HHH000412: Hibernate ORM core version 5.4.30.Final
HCANN000001: Hibernate Commons Annotations {5.1.2.Final}
HHH000400: Using dialect: org.hibernate.dialect.H2Dialect
HHH000490: Using JtaPlatform implementation: [org.hibernate.engine.transaction.jta.platform.internal.NoJtaPlatform]
Initialized JPA EntityManagerFactory for persistence unit 'default'
LiveReload server is running on port 35729
spring.jpa.open-in-view is enabled by default. Therefore, database queries may be performed during view rendering. Explicitly configure spring.jpa.open-in-view to disable this warning
Initializing ExecutorService 'applicationTaskExecutor'
Cannot find template location: classpath:/templates/ (please add some templates or check your Thymeleaf configuration)
Starting ProtocolHandler ["http-nio-8080"]
Tomcat started on port(s): 8080 (http) with context path ''
Started KodesalonApplication in 3.713 seconds (JVM running for 4.722)
Shutting down ExecutorService 'applicationTaskExecutor'
Closing JPA EntityManagerFactory for persistence unit 'default'
HHH000477: Starting delayed evictData of schema as part of SessionFactory shut-down'
Invocation of destroy method failed on bean with name 'inMemoryDatabaseShutdownExecutor': org.h2.jdbc.JdbcSQLNonTransientConnectionException: Database is already closed (to disable automatic closing at VM shutdown, add ";DB_CLOSE_ON_EXIT=FALSE" to the db URL) [90121-200]
HikariPool-1 - Shutdown initiated...
HikariPool-1 - Shutdown completed.
{"@timestamp":"2021-05-10T19:02:34.628+09:00","@version":"1","message":"Starting KodesalonApplication using Java 11.0.10 on heesangui-MacBookPro.local with PID 23893 (/Users/heesang/dev/dev_spring/project/out/production/classes started by heesang in /Users/heesang/dev/dev_spring/project)","logger_name":"com.project.kodesalon.KodesalonApplication","thread_name":"restartedMain","level":"INFO","level_value":20000}
{"@timestamp":"2021-05-10T19:02:34.629+09:00","@version":"1","message":"No active profile set, falling back to default profiles: default","logger_name":"com.project.kodesalon.KodesalonApplication","thread_name":"restartedMain","level":"INFO","level_value":20000}
{"@timestamp":"2021-05-10T19:02:34.670+09:00","@version":"1","message":"Devtools property defaults active! Set 'spring.devtools.add-properties' to 'false' to disable","logger_name":"org.springframework.boot.devtools.env.DevToolsPropertyDefaultsPostProcessor","thread_name":"restartedMain","level":"INFO","level_value":20000}
{"@timestamp":"2021-05-10T19:02:34.670+09:00","@version":"1","message":"For additional web related logging consider setting the 'logging.level.web' property to 'DEBUG'","logger_name":"org.springframework.boot.devtools.env.DevToolsPropertyDefaultsPostProcessor","thread_name":"restartedMain","level":"INFO","level_value":20000}
{"@timestamp":"2021-05-10T19:02:35.319+09:00","@version":"1","message":"Bootstrapping Spring Data JPA repositories in DEFAULT mode.","logger_name":"org.springframework.data.repository.config.RepositoryConfigurationDelegate","thread_name":"restartedMain","level":"INFO","level_value":20000}
{"@timestamp":"2021-05-10T19:02:35.333+09:00","@version":"1","message":"Finished Spring Data repository scanning in 5 ms. Found 0 JPA repository interfaces.","logger_name":"org.springframework.data.repository.config.RepositoryConfigurationDelegate","thread_name":"restartedMain","level":"INFO","level_value":20000}
{"@timestamp":"2021-05-10T19:02:35.926+09:00","@version":"1","message":"Tomcat initialized with port(s): 8080 (http)","logger_name":"org.springframework.boot.web.embedded.tomcat.TomcatWebServer","thread_name":"restartedMain","level":"INFO","level_value":20000}
{"@timestamp":"2021-05-10T19:02:35.939+09:00","@version":"1","message":"Initializing ProtocolHandler [\"http-nio-8080\"]","logger_name":"org.apache.coyote.http11.Http11NioProtocol","thread_name":"restartedMain","level":"INFO","level_value":20000}
{"@timestamp":"2021-05-10T19:02:35.940+09:00","@version":"1","message":"Starting service [Tomcat]","logger_name":"org.apache.catalina.core.StandardService","thread_name":"restartedMain","level":"INFO","level_value":20000}
{"@timestamp":"2021-05-10T19:02:35.940+09:00","@version":"1","message":"Starting Servlet engine: [Apache Tomcat/9.0.45]","logger_name":"org.apache.catalina.core.StandardEngine","thread_name":"restartedMain","level":"INFO","level_value":20000}
{"@timestamp":"2021-05-10T19:02:36.010+09:00","@version":"1","message":"Initializing Spring embedded WebApplicationContext","logger_name":"org.apache.catalina.core.ContainerBase.[Tomcat].[localhost].[/]","thread_name":"restartedMain","level":"INFO","level_value":20000}
{"@timestamp":"2021-05-10T19:02:36.010+09:00","@version":"1","message":"Root WebApplicationContext: initialization completed in 1339 ms","logger_name":"org.springframework.boot.web.servlet.context.ServletWebServerApplicationContext","thread_name":"restartedMain","level":"INFO","level_value":20000}
{"@timestamp":"2021-05-10T19:02:36.045+09:00","@version":"1","message":"HikariPool-1 - Starting...","logger_name":"com.zaxxer.hikari.HikariDataSource","thread_name":"restartedMain","level":"INFO","level_value":20000}
{"@timestamp":"2021-05-10T19:02:36.206+09:00","@version":"1","message":"HikariPool-1 - Start completed.","logger_name":"com.zaxxer.hikari.HikariDataSource","thread_name":"restartedMain","level":"INFO","level_value":20000}
{"@timestamp":"2021-05-10T19:02:36.214+09:00","@version":"1","message":"H2 console available at '/h2-console'. Database available at 'jdbc:h2:mem:4c78fe91-b72b-4a3b-a5ed-04ecf6fe71c8'","logger_name":"org.springframework.boot.autoconfigure.h2.H2ConsoleAutoConfiguration","thread_name":"restartedMain","level":"INFO","level_value":20000}
{"@timestamp":"2021-05-10T19:02:36.366+09:00","@version":"1","message":"HHH000204: Processing PersistenceUnitInfo [name: default]","logger_name":"org.hibernate.jpa.internal.util.LogHelper","thread_name":"restartedMain","level":"INFO","level_value":20000}
{"@timestamp":"2021-05-10T19:02:36.436+09:00","@version":"1","message":"HHH000412: Hibernate ORM core version 5.4.30.Final","logger_name":"org.hibernate.Version","thread_name":"restartedMain","level":"INFO","level_value":20000}
{"@timestamp":"2021-05-10T19:02:36.646+09:00","@version":"1","message":"HCANN000001: Hibernate Commons Annotations {5.1.2.Final}","logger_name":"org.hibernate.annotations.common.Version","thread_name":"restartedMain","level":"INFO","level_value":20000}
{"@timestamp":"2021-05-10T19:02:36.765+09:00","@version":"1","message":"HHH000400: Using dialect: org.hibernate.dialect.H2Dialect","logger_name":"org.hibernate.dialect.Dialect","thread_name":"restartedMain","level":"INFO","level_value":20000}
{"@timestamp":"2021-05-10T19:02:36.980+09:00","@version":"1","message":"HHH000490: Using JtaPlatform implementation: [org.hibernate.engine.transaction.jta.platform.internal.NoJtaPlatform]","logger_name":"org.hibernate.engine.transaction.jta.platform.internal.JtaPlatformInitiator","thread_name":"restartedMain","level":"INFO","level_value":20000}
{"@timestamp":"2021-05-10T19:02:36.990+09:00","@version":"1","message":"Initialized JPA EntityManagerFactory for persistence unit 'default'","logger_name":"org.springframework.orm.jpa.LocalContainerEntityManagerFactoryBean","thread_name":"restartedMain","level":"INFO","level_value":20000}
{"@timestamp":"2021-05-10T19:02:37.021+09:00","@version":"1","message":"LiveReload server is running on port 35729","logger_name":"org.springframework.boot.devtools.autoconfigure.OptionalLiveReloadServer","thread_name":"restartedMain","level":"INFO","level_value":20000}
{"@timestamp":"2021-05-10T19:02:37.061+09:00","@version":"1","message":"spring.jpa.open-in-view is enabled by default. Therefore, database queries may be performed during view rendering. Explicitly configure spring.jpa.open-in-view to disable this warning","logger_name":"org.springframework.boot.autoconfigure.orm.jpa.JpaBaseConfiguration$JpaWebConfiguration","thread_name":"restartedMain","level":"WARN","level_value":30000}
{"@timestamp":"2021-05-10T19:02:37.163+09:00","@version":"1","message":"Initializing ExecutorService 'applicationTaskExecutor'","logger_name":"org.springframework.scheduling.concurrent.ThreadPoolTaskExecutor","thread_name":"restartedMain","level":"INFO","level_value":20000}
{"@timestamp":"2021-05-10T19:02:37.308+09:00","@version":"1","message":"Cannot find template location: classpath:/templates/ (please add some templates or check your Thymeleaf configuration)","logger_name":"org.springframework.boot.autoconfigure.thymeleaf.ThymeleafAutoConfiguration$DefaultTemplateResolverConfiguration","thread_name":"restartedMain","level":"WARN","level_value":30000}
{"@timestamp":"2021-05-10T19:02:37.397+09:00","@version":"1","message":"Starting ProtocolHandler [\"http-nio-8080\"]","logger_name":"org.apache.coyote.http11.Http11NioProtocol","thread_name":"restartedMain","level":"INFO","level_value":20000}
{"@timestamp":"2021-05-10T19:02:37.417+09:00","@version":"1","message":"Tomcat started on port(s): 8080 (http) with context path ''","logger_name":"org.springframework.boot.web.embedded.tomcat.TomcatWebServer","thread_name":"restartedMain","level":"INFO","level_value":20000}
{"@timestamp":"2021-05-10T19:02:37.428+09:00","@version":"1","message":"Started KodesalonApplication in 3.542 seconds (JVM running for 4.31)","logger_name":"com.project.kodesalon.KodesalonApplication","thread_name":"restartedMain","level":"INFO","level_value":20000}
{"@timestamp":"2021-05-10T20:33:06.259+09:00","@version":"1","message":"Shutting down ExecutorService 'applicationTaskExecutor'","logger_name":"org.springframework.scheduling.concurrent.ThreadPoolTaskExecutor","thread_name":"SpringContextShutdownHook","level":"INFO","level_value":20000}
{"@timestamp":"2021-05-10T20:33:06.260+09:00","@version":"1","message":"Closing JPA EntityManagerFactory for persistence unit 'default'","logger_name":"org.springframework.orm.jpa.LocalContainerEntityManagerFactoryBean","thread_name":"SpringContextShutdownHook","level":"INFO","level_value":20000}
{"@timestamp":"2021-05-10T20:33:06.266+09:00","@version":"1","message":"HHH000477: Starting delayed evictData of schema as part of SessionFactory shut-down'","logger_name":"org.hibernate.tool.schema.internal.SchemaDropperImpl$DelayedDropActionImpl","thread_name":"SpringContextShutdownHook","level":"INFO","level_value":20000}
{"@timestamp":"2021-05-10T20:33:06.515+09:00","@version":"1","message":"Invocation of destroy method failed on bean with name 'inMemoryDatabaseShutdownExecutor': org.h2.jdbc.JdbcSQLNonTransientConnectionException: Database is already closed (to disable automatic closing at VM shutdown, add \";DB_CLOSE_ON_EXIT=FALSE\" to the db URL) [90121-200]","logger_name":"org.springframework.beans.factory.support.DisposableBeanAdapter","thread_name":"SpringContextShutdownHook","level":"WARN","level_value":30000}
{"@timestamp":"2021-05-10T20:33:06.516+09:00","@version":"1","message":"HikariPool-1 - Shutdown initiated...","logger_name":"com.zaxxer.hikari.HikariDataSource","thread_name":"SpringContextShutdownHook","level":"INFO","level_value":20000}
{"@timestamp":"2021-05-10T20:33:06.521+09:00","@version":"1","message":"HikariPool-1 - Shutdown completed.","logger_name":"com.zaxxer.hikari.HikariDataSource","thread_name":"SpringContextShutdownHook","level":"INFO","level_value":20000}
